 2023-05-19 11:43:07,674 : 20 : Applicable driver not found; attempting to install with Selenium Manager (Beta)
 2023-05-19 11:43:07,674 : 20 : Applicable driver not found; attempting to install with Selenium Manager (Beta)
 2023-05-19 11:43:07,674 : 20 : Applicable driver not found; attempting to install with Selenium Manager (Beta)
 2023-05-19 11:43:07,674 : 20 : Applicable driver not found; attempting to install with Selenium Manager (Beta)
 2023-05-19 11:43:07,674 : 20 : Applicable driver not found; attempting to install with Selenium Manager (Beta)
 2023-05-19 11:43:07,674 : 20 : Applicable driver not found; attempting to install with Selenium Manager (Beta)
 2023-05-19 11:43:07,674 : 20 : Applicable driver not found; attempting to install with Selenium Manager (Beta)
 2023-05-19 11:43:07,674 : 20 : Applicable driver not found; attempting to install with Selenium Manager (Beta)
 2023-05-19 11:43:07,674 : 20 : Applicable driver not found; attempting to install with Selenium Manager (Beta)
 2023-05-19 11:43:07,674 : 20 : Applicable driver not found; attempting to install with Selenium Manager (Beta)
 2023-05-19 11:43:07,674 : 20 : Applicable driver not found; attempting to install with Selenium Manager (Beta)
 2023-05-19 11:43:07,674 : 20 : Applicable driver not found; attempting to install with Selenium Manager (Beta)
 2023-05-19 11:43:07,674 : 20 : Applicable driver not found; attempting to install with Selenium Manager (Beta)
 2023-05-19 11:43:07,674 : 20 : Applicable driver not found; attempting to install with Selenium Manager (Beta)
 2023-05-19 11:43:07,674 : 20 : Applicable driver not found; attempting to install with Selenium Manager (Beta)
 2023-05-19 11:43:07,674 : 20 : Applicable driver not found; attempting to install with Selenium Manager (Beta)
 2023-05-19 11:43:07,674 : 20 : Applicable driver not found; attempting to install with Selenium Manager (Beta)
 2023-05-19 11:43:07,674 : 20 : Applicable driver not found; attempting to install with Selenium Manager (Beta)
 2023-05-19 11:43:07,674 : 20 : Applicable driver not found; attempting to install with Selenium Manager (Beta)
 2023-05-19 11:43:07,674 : 20 : Applicable driver not found; attempting to install with Selenium Manager (Beta)
 2023-05-19 11:43:09,472 : 20 : test_Login_Param_005 is Started
 2023-05-19 11:43:09,472 : 20 : test_Login_Param_005 is Started
 2023-05-19 11:43:09,472 : 20 : test_Login_Param_005 is Started
 2023-05-19 11:43:09,472 : 20 : test_Login_Param_005 is Started
 2023-05-19 11:43:09,472 : 20 : test_Login_Param_005 is Started
 2023-05-19 11:43:09,472 : 20 : test_Login_Param_005 is Started
 2023-05-19 11:43:09,473 : 20 : test_Login_Param_005 is Started
 2023-05-19 11:43:09,473 : 20 : test_Login_Param_005 is Started
 2023-05-19 11:43:09,473 : 20 : test_Login_Param_005 is Started
 2023-05-19 11:43:09,473 : 20 : test_Login_Param_005 is Started
 2023-05-19 11:43:09,473 : 20 : test_Login_Param_005 is Started
 2023-05-19 11:43:09,473 : 20 : test_Login_Param_005 is Started
 2023-05-19 11:43:09,532 : 20 : test_Login_DDT_006 is Started
 2023-05-19 11:43:09,532 : 20 : test_Login_DDT_006 is Started
 2023-05-19 11:43:09,532 : 20 : test_Login_DDT_006 is Started
 2023-05-19 11:43:09,532 : 20 : test_Login_DDT_006 is Started
 2023-05-19 11:43:09,532 : 20 : test_Login_DDT_006 is Started
 2023-05-19 11:43:09,532 : 20 : test_Login_DDT_006 is Started
 2023-05-19 11:43:09,645 : 20 : test_AddCustomer_003 is Started
 2023-05-19 11:43:09,645 : 20 : test_AddCustomer_003 is Started
 2023-05-19 11:43:09,645 : 20 : test_AddCustomer_003 is Started
 2023-05-19 11:43:09,645 : 20 : test_AddCustomer_003 is Started
 2023-05-19 11:43:09,645 : 20 : test_AddCustomer_003 is Started
 2023-05-19 11:43:09,645 : 20 : test_AddCustomer_003 is Started
 2023-05-19 11:43:09,645 : 20 : Launching browser
 2023-05-19 11:43:09,645 : 20 : Launching browser
 2023-05-19 11:43:09,645 : 20 : Launching browser
 2023-05-19 11:43:09,645 : 20 : Launching browser
 2023-05-19 11:43:09,645 : 20 : Launching browser
 2023-05-19 11:43:09,645 : 20 : Launching browser
 2023-05-19 11:43:12,038 : 20 : Go to -->https://admin-demo.nopcommerce.com/
 2023-05-19 11:43:12,038 : 20 : Go to -->https://admin-demo.nopcommerce.com/
 2023-05-19 11:43:12,038 : 20 : Go to -->https://admin-demo.nopcommerce.com/
 2023-05-19 11:43:12,038 : 20 : Go to -->https://admin-demo.nopcommerce.com/
 2023-05-19 11:43:12,038 : 20 : Go to -->https://admin-demo.nopcommerce.com/
 2023-05-19 11:43:12,038 : 20 : Go to -->https://admin-demo.nopcommerce.com/
 2023-05-19 11:43:12,132 : 20 : Entering email --> admin@yourstore.com
 2023-05-19 11:43:12,132 : 20 : Entering email --> admin@yourstore.com
 2023-05-19 11:43:12,132 : 20 : Entering email --> admin@yourstore.com
 2023-05-19 11:43:12,132 : 20 : Entering email --> admin@yourstore.com
 2023-05-19 11:43:12,132 : 20 : Entering email --> admin@yourstore.com
 2023-05-19 11:43:12,132 : 20 : Entering email --> admin@yourstore.com
 2023-05-19 11:43:12,213 : 20 : Entering Password -->admin
 2023-05-19 11:43:12,213 : 20 : Entering Password -->admin
 2023-05-19 11:43:12,213 : 20 : Entering Password -->admin
 2023-05-19 11:43:12,213 : 20 : Entering Password -->admin
 2023-05-19 11:43:12,213 : 20 : Entering Password -->admin
 2023-05-19 11:43:12,213 : 20 : Entering Password -->admin
 2023-05-19 11:43:13,700 : 20 : Launching Browser
 2023-05-19 11:43:13,700 : 20 : Launching Browser
 2023-05-19 11:43:13,700 : 20 : Launching Browser
 2023-05-19 11:43:13,700 : 20 : Launching Browser
 2023-05-19 11:43:13,700 : 20 : Launching Browser
 2023-05-19 11:43:13,700 : 20 : Launching Browser
 2023-05-19 11:43:15,739 : 20 : Launching Browser
 2023-05-19 11:43:15,739 : 20 : Launching Browser
 2023-05-19 11:43:15,739 : 20 : Launching Browser
 2023-05-19 11:43:15,739 : 20 : Launching Browser
 2023-05-19 11:43:15,739 : 20 : Launching Browser
 2023-05-19 11:43:15,739 : 20 : Launching Browser
 2023-05-19 11:43:15,795 : 20 : Click on Login Button
 2023-05-19 11:43:15,795 : 20 : Click on Login Button
 2023-05-19 11:43:15,795 : 20 : Click on Login Button
 2023-05-19 11:43:15,795 : 20 : Click on Login Button
 2023-05-19 11:43:15,795 : 20 : Click on Login Button
 2023-05-19 11:43:15,795 : 20 : Click on Login Button
 2023-05-19 11:43:16,603 : 20 : Launching Browser
 2023-05-19 11:43:16,603 : 20 : Launching Browser
 2023-05-19 11:43:16,603 : 20 : Launching Browser
 2023-05-19 11:43:16,603 : 20 : Launching Browser
 2023-05-19 11:43:16,603 : 20 : Launching Browser
 2023-05-19 11:43:16,603 : 20 : Launching Browser
 2023-05-19 11:43:18,872 : 20 : Entering Email-->admin1@yourstore.com
 2023-05-19 11:43:18,872 : 20 : Entering Email-->admin1@yourstore.com
 2023-05-19 11:43:18,872 : 20 : Entering Email-->admin1@yourstore.com
 2023-05-19 11:43:18,872 : 20 : Entering Email-->admin1@yourstore.com
 2023-05-19 11:43:18,872 : 20 : Entering Email-->admin1@yourstore.com
 2023-05-19 11:43:18,872 : 20 : Entering Email-->admin1@yourstore.com
 2023-05-19 11:43:18,948 : 20 : Entering password-->admin
 2023-05-19 11:43:18,948 : 20 : Entering password-->admin
 2023-05-19 11:43:18,948 : 20 : Entering password-->admin
 2023-05-19 11:43:18,948 : 20 : Entering password-->admin
 2023-05-19 11:43:18,948 : 20 : Entering password-->admin
 2023-05-19 11:43:18,948 : 20 : Entering password-->admin
 2023-05-19 11:43:19,379 : 20 : Click on Login Button
 2023-05-19 11:43:19,379 : 20 : Click on Login Button
 2023-05-19 11:43:19,379 : 20 : Click on Login Button
 2023-05-19 11:43:19,379 : 20 : Click on Login Button
 2023-05-19 11:43:19,379 : 20 : Click on Login Button
 2023-05-19 11:43:19,379 : 20 : Click on Login Button
 2023-05-19 11:43:19,494 : 20 : test_Login_002 is Passed
 2023-05-19 11:43:19,494 : 20 : test_Login_002 is Passed
 2023-05-19 11:43:19,494 : 20 : test_Login_002 is Passed
 2023-05-19 11:43:19,494 : 20 : test_Login_002 is Passed
 2023-05-19 11:43:19,494 : 20 : test_Login_002 is Passed
 2023-05-19 11:43:19,494 : 20 : test_Login_002 is Passed
 2023-05-19 11:43:19,495 : 20 : test_Login_Param_005 is Completed
 2023-05-19 11:43:19,495 : 20 : test_Login_Param_005 is Completed
 2023-05-19 11:43:19,495 : 20 : test_Login_Param_005 is Completed
 2023-05-19 11:43:19,495 : 20 : test_Login_Param_005 is Completed
 2023-05-19 11:43:19,495 : 20 : test_Login_Param_005 is Completed
 2023-05-19 11:43:19,495 : 20 : test_Login_Param_005 is Completed
 2023-05-19 11:43:19,508 : 20 : Applicable driver not found; attempting to install with Selenium Manager (Beta)
 2023-05-19 11:43:19,508 : 20 : Applicable driver not found; attempting to install with Selenium Manager (Beta)
 2023-05-19 11:43:19,508 : 20 : Applicable driver not found; attempting to install with Selenium Manager (Beta)
 2023-05-19 11:43:19,508 : 20 : Applicable driver not found; attempting to install with Selenium Manager (Beta)
 2023-05-19 11:43:19,508 : 20 : Applicable driver not found; attempting to install with Selenium Manager (Beta)
 2023-05-19 11:43:19,508 : 20 : Applicable driver not found; attempting to install with Selenium Manager (Beta)
 2023-05-19 11:43:20,852 : 20 : Click on Customers
 2023-05-19 11:43:20,852 : 20 : Click on Customers
 2023-05-19 11:43:20,852 : 20 : Click on Customers
 2023-05-19 11:43:20,852 : 20 : Click on Customers
 2023-05-19 11:43:20,852 : 20 : Click on Customers
 2023-05-19 11:43:20,852 : 20 : Click on Customers
 2023-05-19 11:43:20,885 : 20 : Entering Email-->admin@yourstore.com
 2023-05-19 11:43:20,885 : 20 : Entering Email-->admin@yourstore.com
 2023-05-19 11:43:20,885 : 20 : Entering Email-->admin@yourstore.com
 2023-05-19 11:43:20,885 : 20 : Entering Email-->admin@yourstore.com
 2023-05-19 11:43:20,885 : 20 : Entering Email-->admin@yourstore.com
 2023-05-19 11:43:20,885 : 20 : Entering Email-->admin@yourstore.com
 2023-05-19 11:43:20,960 : 20 : Entering password-->admin
 2023-05-19 11:43:20,960 : 20 : Entering password-->admin
 2023-05-19 11:43:20,960 : 20 : Entering password-->admin
 2023-05-19 11:43:20,960 : 20 : Entering password-->admin
 2023-05-19 11:43:20,960 : 20 : Entering password-->admin
 2023-05-19 11:43:20,960 : 20 : Entering password-->admin
 2023-05-19 11:43:20,999 : 20 : test_Login_Param_005 is Started
 2023-05-19 11:43:20,999 : 20 : test_Login_Param_005 is Started
 2023-05-19 11:43:20,999 : 20 : test_Login_Param_005 is Started
 2023-05-19 11:43:20,999 : 20 : test_Login_Param_005 is Started
 2023-05-19 11:43:20,999 : 20 : test_Login_Param_005 is Started
 2023-05-19 11:43:20,999 : 20 : test_Login_Param_005 is Started
 2023-05-19 11:43:21,717 : 20 : Entering Email-->admin1@yourstore.com
 2023-05-19 11:43:21,717 : 20 : Entering Email-->admin1@yourstore.com
 2023-05-19 11:43:21,717 : 20 : Entering Email-->admin1@yourstore.com
 2023-05-19 11:43:21,717 : 20 : Entering Email-->admin1@yourstore.com
 2023-05-19 11:43:21,717 : 20 : Entering Email-->admin1@yourstore.com
 2023-05-19 11:43:21,717 : 20 : Entering Email-->admin1@yourstore.com
 2023-05-19 11:43:21,790 : 20 : Entering password-->admin1
 2023-05-19 11:43:21,790 : 20 : Entering password-->admin1
 2023-05-19 11:43:21,790 : 20 : Entering password-->admin1
 2023-05-19 11:43:21,790 : 20 : Entering password-->admin1
 2023-05-19 11:43:21,790 : 20 : Entering password-->admin1
 2023-05-19 11:43:21,790 : 20 : Entering password-->admin1
 2023-05-19 11:43:23,037 : 20 : Click on Login Button
 2023-05-19 11:43:23,037 : 20 : Click on Login Button
 2023-05-19 11:43:23,037 : 20 : Click on Login Button
 2023-05-19 11:43:23,037 : 20 : Click on Login Button
 2023-05-19 11:43:23,037 : 20 : Click on Login Button
 2023-05-19 11:43:23,037 : 20 : Click on Login Button
 2023-05-19 11:43:23,095 : 20 : test_Login_002 is Passed
 2023-05-19 11:43:23,095 : 20 : test_Login_002 is Passed
 2023-05-19 11:43:23,095 : 20 : test_Login_002 is Passed
 2023-05-19 11:43:23,095 : 20 : test_Login_002 is Passed
 2023-05-19 11:43:23,095 : 20 : test_Login_002 is Passed
 2023-05-19 11:43:23,095 : 20 : test_Login_002 is Passed
 2023-05-19 11:43:23,095 : 20 : test_Login_Param_005 is Completed
 2023-05-19 11:43:23,095 : 20 : test_Login_Param_005 is Completed
 2023-05-19 11:43:23,095 : 20 : test_Login_Param_005 is Completed
 2023-05-19 11:43:23,095 : 20 : test_Login_Param_005 is Completed
 2023-05-19 11:43:23,095 : 20 : test_Login_Param_005 is Completed
 2023-05-19 11:43:23,095 : 20 : test_Login_Param_005 is Completed
 2023-05-19 11:43:23,108 : 20 : Applicable driver not found; attempting to install with Selenium Manager (Beta)
 2023-05-19 11:43:23,108 : 20 : Applicable driver not found; attempting to install with Selenium Manager (Beta)
 2023-05-19 11:43:23,108 : 20 : Applicable driver not found; attempting to install with Selenium Manager (Beta)
 2023-05-19 11:43:23,108 : 20 : Applicable driver not found; attempting to install with Selenium Manager (Beta)
 2023-05-19 11:43:23,108 : 20 : Applicable driver not found; attempting to install with Selenium Manager (Beta)
 2023-05-19 11:43:23,108 : 20 : Applicable driver not found; attempting to install with Selenium Manager (Beta)
 2023-05-19 11:43:23,164 : 20 : Launching Browser
 2023-05-19 11:43:23,164 : 20 : Launching Browser
 2023-05-19 11:43:23,164 : 20 : Launching Browser
 2023-05-19 11:43:23,164 : 20 : Launching Browser
 2023-05-19 11:43:23,164 : 20 : Launching Browser
 2023-05-19 11:43:23,164 : 20 : Launching Browser
 2023-05-19 11:43:24,660 : 20 : test_PageTitle_001 is Started
 2023-05-19 11:43:24,660 : 20 : test_PageTitle_001 is Started
 2023-05-19 11:43:24,660 : 20 : test_PageTitle_001 is Started
 2023-05-19 11:43:24,660 : 20 : test_PageTitle_001 is Started
 2023-05-19 11:43:24,660 : 20 : test_PageTitle_001 is Started
 2023-05-19 11:43:24,660 : 20 : test_PageTitle_001 is Started
 2023-05-19 11:43:24,988 : 20 : Click on Login Button
 2023-05-19 11:43:24,988 : 20 : Click on Login Button
 2023-05-19 11:43:24,988 : 20 : Click on Login Button
 2023-05-19 11:43:24,988 : 20 : Click on Login Button
 2023-05-19 11:43:24,988 : 20 : Click on Login Button
 2023-05-19 11:43:24,988 : 20 : Click on Login Button
 2023-05-19 11:43:25,080 : 20 : test_Login_DDT_006 is Passed
 2023-05-19 11:43:25,080 : 20 : test_Login_DDT_006 is Passed
 2023-05-19 11:43:25,080 : 20 : test_Login_DDT_006 is Passed
 2023-05-19 11:43:25,080 : 20 : test_Login_DDT_006 is Passed
 2023-05-19 11:43:25,080 : 20 : test_Login_DDT_006 is Passed
 2023-05-19 11:43:25,080 : 20 : test_Login_DDT_006 is Passed
 2023-05-19 11:43:27,313 : 20 : Click on Add Customers
 2023-05-19 11:43:27,313 : 20 : Click on Add Customers
 2023-05-19 11:43:27,313 : 20 : Click on Add Customers
 2023-05-19 11:43:27,313 : 20 : Click on Add Customers
 2023-05-19 11:43:27,313 : 20 : Click on Add Customers
 2023-05-19 11:43:27,313 : 20 : Click on Add Customers
 2023-05-19 11:43:28,278 : 20 : Entering Email-->admin@yourstore.com
 2023-05-19 11:43:28,278 : 20 : Entering Email-->admin@yourstore.com
 2023-05-19 11:43:28,278 : 20 : Entering Email-->admin@yourstore.com
 2023-05-19 11:43:28,278 : 20 : Entering Email-->admin@yourstore.com
 2023-05-19 11:43:28,278 : 20 : Entering Email-->admin@yourstore.com
 2023-05-19 11:43:28,278 : 20 : Entering Email-->admin@yourstore.com
 2023-05-19 11:43:28,359 : 20 : Entering password-->admin1
 2023-05-19 11:43:28,359 : 20 : Entering password-->admin1
 2023-05-19 11:43:28,359 : 20 : Entering password-->admin1
 2023-05-19 11:43:28,359 : 20 : Entering password-->admin1
 2023-05-19 11:43:28,359 : 20 : Entering password-->admin1
 2023-05-19 11:43:28,359 : 20 : Entering password-->admin1
 2023-05-19 11:43:28,795 : 20 : Click on Logout Button
 2023-05-19 11:43:28,795 : 20 : Click on Logout Button
 2023-05-19 11:43:28,795 : 20 : Click on Logout Button
 2023-05-19 11:43:28,795 : 20 : Click on Logout Button
 2023-05-19 11:43:28,795 : 20 : Click on Logout Button
 2023-05-19 11:43:28,795 : 20 : Click on Logout Button
 2023-05-19 11:43:28,886 : 20 : Entering Email-->admin@yourstore.com
 2023-05-19 11:43:28,886 : 20 : Entering Email-->admin@yourstore.com
 2023-05-19 11:43:28,886 : 20 : Entering Email-->admin@yourstore.com
 2023-05-19 11:43:28,886 : 20 : Entering Email-->admin@yourstore.com
 2023-05-19 11:43:28,886 : 20 : Entering Email-->admin@yourstore.com
 2023-05-19 11:43:28,886 : 20 : Entering Email-->admin@yourstore.com
 2023-05-19 11:43:28,929 : 20 : Launching Browser-->https://admin-demo.nopcommerce.com/
 2023-05-19 11:43:28,929 : 20 : Launching Browser-->https://admin-demo.nopcommerce.com/
 2023-05-19 11:43:28,929 : 20 : Launching Browser-->https://admin-demo.nopcommerce.com/
 2023-05-19 11:43:28,929 : 20 : Launching Browser-->https://admin-demo.nopcommerce.com/
 2023-05-19 11:43:28,929 : 20 : Launching Browser-->https://admin-demo.nopcommerce.com/
 2023-05-19 11:43:28,929 : 20 : Launching Browser-->https://admin-demo.nopcommerce.com/
 2023-05-19 11:43:28,956 : 20 : Entering password-->admin1
 2023-05-19 11:43:28,956 : 20 : Entering password-->admin1
 2023-05-19 11:43:28,956 : 20 : Entering password-->admin1
 2023-05-19 11:43:28,956 : 20 : Entering password-->admin1
 2023-05-19 11:43:28,956 : 20 : Entering password-->admin1
 2023-05-19 11:43:28,956 : 20 : Entering password-->admin1
 2023-05-19 11:43:28,979 : 20 : test_PageTitle_001 is Passed
 2023-05-19 11:43:28,979 : 20 : test_PageTitle_001 is Passed
 2023-05-19 11:43:28,979 : 20 : test_PageTitle_001 is Passed
 2023-05-19 11:43:28,979 : 20 : test_PageTitle_001 is Passed
 2023-05-19 11:43:28,979 : 20 : test_PageTitle_001 is Passed
 2023-05-19 11:43:28,979 : 20 : test_PageTitle_001 is Passed
 2023-05-19 11:43:28,983 : 20 : Page Title is-->Your store. Login
 2023-05-19 11:43:28,983 : 20 : Page Title is-->Your store. Login
 2023-05-19 11:43:28,983 : 20 : Page Title is-->Your store. Login
 2023-05-19 11:43:28,983 : 20 : Page Title is-->Your store. Login
 2023-05-19 11:43:28,983 : 20 : Page Title is-->Your store. Login
 2023-05-19 11:43:28,983 : 20 : Page Title is-->Your store. Login
 2023-05-19 11:43:28,983 : 20 : test_PageTitle_001 is Completed
 2023-05-19 11:43:28,983 : 20 : test_PageTitle_001 is Completed
 2023-05-19 11:43:28,983 : 20 : test_PageTitle_001 is Completed
 2023-05-19 11:43:28,983 : 20 : test_PageTitle_001 is Completed
 2023-05-19 11:43:28,983 : 20 : test_PageTitle_001 is Completed
 2023-05-19 11:43:28,983 : 20 : test_PageTitle_001 is Completed
 2023-05-19 11:43:29,147 : 20 : Click on Add Button
 2023-05-19 11:43:29,147 : 20 : Click on Add Button
 2023-05-19 11:43:29,147 : 20 : Click on Add Button
 2023-05-19 11:43:29,147 : 20 : Click on Add Button
 2023-05-19 11:43:29,147 : 20 : Click on Add Button
 2023-05-19 11:43:29,147 : 20 : Click on Add Button
 2023-05-19 11:43:29,256 : 20 : Entering Email address
 2023-05-19 11:43:29,256 : 20 : Entering Email address
 2023-05-19 11:43:29,256 : 20 : Entering Email address
 2023-05-19 11:43:29,256 : 20 : Entering Email address
 2023-05-19 11:43:29,256 : 20 : Entering Email address
 2023-05-19 11:43:29,256 : 20 : Entering Email address
 2023-05-19 11:43:29,314 : 20 : Entering password
 2023-05-19 11:43:29,314 : 20 : Entering password
 2023-05-19 11:43:29,314 : 20 : Entering password
 2023-05-19 11:43:29,314 : 20 : Entering password
 2023-05-19 11:43:29,314 : 20 : Entering password
 2023-05-19 11:43:29,314 : 20 : Entering password
 2023-05-19 11:43:29,377 : 20 : Entering First Name
 2023-05-19 11:43:29,377 : 20 : Entering First Name
 2023-05-19 11:43:29,377 : 20 : Entering First Name
 2023-05-19 11:43:29,377 : 20 : Entering First Name
 2023-05-19 11:43:29,377 : 20 : Entering First Name
 2023-05-19 11:43:29,377 : 20 : Entering First Name
 2023-05-19 11:43:29,412 : 20 : Click on Login Button
 2023-05-19 11:43:29,412 : 20 : Click on Login Button
 2023-05-19 11:43:29,412 : 20 : Click on Login Button
 2023-05-19 11:43:29,412 : 20 : Click on Login Button
 2023-05-19 11:43:29,412 : 20 : Click on Login Button
 2023-05-19 11:43:29,412 : 20 : Click on Login Button
 2023-05-19 11:43:29,438 : 20 : Entering Last Name
 2023-05-19 11:43:29,438 : 20 : Entering Last Name
 2023-05-19 11:43:29,438 : 20 : Entering Last Name
 2023-05-19 11:43:29,438 : 20 : Entering Last Name
 2023-05-19 11:43:29,438 : 20 : Entering Last Name
 2023-05-19 11:43:29,438 : 20 : Entering Last Name
 2023-05-19 11:43:29,504 : 20 : Select Gender
 2023-05-19 11:43:29,504 : 20 : Select Gender
 2023-05-19 11:43:29,504 : 20 : Select Gender
 2023-05-19 11:43:29,504 : 20 : Select Gender
 2023-05-19 11:43:29,504 : 20 : Select Gender
 2023-05-19 11:43:29,504 : 20 : Select Gender
 2023-05-19 11:43:29,530 : 20 : test_Login_DDT_006 is Passed
 2023-05-19 11:43:29,530 : 20 : test_Login_DDT_006 is Passed
 2023-05-19 11:43:29,530 : 20 : test_Login_DDT_006 is Passed
 2023-05-19 11:43:29,530 : 20 : test_Login_DDT_006 is Passed
 2023-05-19 11:43:29,530 : 20 : test_Login_DDT_006 is Passed
 2023-05-19 11:43:29,530 : 20 : test_Login_DDT_006 is Passed
 2023-05-19 11:43:29,572 : 20 : Entering Date Of Birth
 2023-05-19 11:43:29,572 : 20 : Entering Date Of Birth
 2023-05-19 11:43:29,572 : 20 : Entering Date Of Birth
 2023-05-19 11:43:29,572 : 20 : Entering Date Of Birth
 2023-05-19 11:43:29,572 : 20 : Entering Date Of Birth
 2023-05-19 11:43:29,572 : 20 : Entering Date Of Birth
 2023-05-19 11:43:29,647 : 20 : Entering Email-->admin1@yourstore.com
 2023-05-19 11:43:29,647 : 20 : Entering Email-->admin1@yourstore.com
 2023-05-19 11:43:29,647 : 20 : Entering Email-->admin1@yourstore.com
 2023-05-19 11:43:29,647 : 20 : Entering Email-->admin1@yourstore.com
 2023-05-19 11:43:29,647 : 20 : Entering Email-->admin1@yourstore.com
 2023-05-19 11:43:29,647 : 20 : Entering Email-->admin1@yourstore.com
 2023-05-19 11:43:29,656 : 20 : Click on Login Button
 2023-05-19 11:43:29,656 : 20 : Click on Login Button
 2023-05-19 11:43:29,656 : 20 : Click on Login Button
 2023-05-19 11:43:29,656 : 20 : Click on Login Button
 2023-05-19 11:43:29,656 : 20 : Click on Login Button
 2023-05-19 11:43:29,656 : 20 : Click on Login Button
 2023-05-19 11:43:29,657 : 20 : Entering Company Name
 2023-05-19 11:43:29,657 : 20 : Entering Company Name
 2023-05-19 11:43:29,657 : 20 : Entering Company Name
 2023-05-19 11:43:29,657 : 20 : Entering Company Name
 2023-05-19 11:43:29,657 : 20 : Entering Company Name
 2023-05-19 11:43:29,657 : 20 : Entering Company Name
 2023-05-19 11:43:29,720 : 20 : Entering password-->admin
 2023-05-19 11:43:29,720 : 20 : Entering password-->admin
 2023-05-19 11:43:29,720 : 20 : Entering password-->admin
 2023-05-19 11:43:29,720 : 20 : Entering password-->admin
 2023-05-19 11:43:29,720 : 20 : Entering password-->admin
 2023-05-19 11:43:29,720 : 20 : Entering password-->admin
 2023-05-19 11:43:29,725 : 20 : test_Login_002 is Passed
 2023-05-19 11:43:29,725 : 20 : test_Login_002 is Passed
 2023-05-19 11:43:29,725 : 20 : test_Login_002 is Passed
 2023-05-19 11:43:29,725 : 20 : test_Login_002 is Passed
 2023-05-19 11:43:29,725 : 20 : test_Login_002 is Passed
 2023-05-19 11:43:29,725 : 20 : test_Login_002 is Passed
 2023-05-19 11:43:29,725 : 20 : test_Login_Param_005 is Completed
 2023-05-19 11:43:29,725 : 20 : test_Login_Param_005 is Completed
 2023-05-19 11:43:29,725 : 20 : test_Login_Param_005 is Completed
 2023-05-19 11:43:29,725 : 20 : test_Login_Param_005 is Completed
 2023-05-19 11:43:29,725 : 20 : test_Login_Param_005 is Completed
 2023-05-19 11:43:29,725 : 20 : test_Login_Param_005 is Completed
 2023-05-19 11:43:29,743 : 20 : Applicable driver not found; attempting to install with Selenium Manager (Beta)
 2023-05-19 11:43:29,743 : 20 : Applicable driver not found; attempting to install with Selenium Manager (Beta)
 2023-05-19 11:43:29,743 : 20 : Applicable driver not found; attempting to install with Selenium Manager (Beta)
 2023-05-19 11:43:29,743 : 20 : Applicable driver not found; attempting to install with Selenium Manager (Beta)
 2023-05-19 11:43:29,743 : 20 : Applicable driver not found; attempting to install with Selenium Manager (Beta)
 2023-05-19 11:43:29,743 : 20 : Applicable driver not found; attempting to install with Selenium Manager (Beta)
 2023-05-19 11:43:30,207 : 20 : Click on Login Button
 2023-05-19 11:43:30,207 : 20 : Click on Login Button
 2023-05-19 11:43:30,207 : 20 : Click on Login Button
 2023-05-19 11:43:30,207 : 20 : Click on Login Button
 2023-05-19 11:43:30,207 : 20 : Click on Login Button
 2023-05-19 11:43:30,207 : 20 : Click on Login Button
 2023-05-19 11:43:30,316 : 20 : test_Login_DDT_006 is Passed
 2023-05-19 11:43:30,316 : 20 : test_Login_DDT_006 is Passed
 2023-05-19 11:43:30,316 : 20 : test_Login_DDT_006 is Passed
 2023-05-19 11:43:30,316 : 20 : test_Login_DDT_006 is Passed
 2023-05-19 11:43:30,316 : 20 : test_Login_DDT_006 is Passed
 2023-05-19 11:43:30,316 : 20 : test_Login_DDT_006 is Passed
 2023-05-19 11:43:30,417 : 20 : Entering Email-->admin1@yourstore.com
 2023-05-19 11:43:30,417 : 20 : Entering Email-->admin1@yourstore.com
 2023-05-19 11:43:30,417 : 20 : Entering Email-->admin1@yourstore.com
 2023-05-19 11:43:30,417 : 20 : Entering Email-->admin1@yourstore.com
 2023-05-19 11:43:30,417 : 20 : Entering Email-->admin1@yourstore.com
 2023-05-19 11:43:30,417 : 20 : Entering Email-->admin1@yourstore.com
 2023-05-19 11:43:30,480 : 20 : Entering password-->admin1
 2023-05-19 11:43:30,480 : 20 : Entering password-->admin1
 2023-05-19 11:43:30,480 : 20 : Entering password-->admin1
 2023-05-19 11:43:30,480 : 20 : Entering password-->admin1
 2023-05-19 11:43:30,480 : 20 : Entering password-->admin1
 2023-05-19 11:43:30,480 : 20 : Entering password-->admin1
 2023-05-19 11:43:31,002 : 20 : Click on Login Button
 2023-05-19 11:43:31,002 : 20 : Click on Login Button
 2023-05-19 11:43:31,002 : 20 : Click on Login Button
 2023-05-19 11:43:31,002 : 20 : Click on Login Button
 2023-05-19 11:43:31,002 : 20 : Click on Login Button
 2023-05-19 11:43:31,002 : 20 : Click on Login Button
 2023-05-19 11:43:31,154 : 20 : test_Login_DDT_006 is Passed
 2023-05-19 11:43:31,154 : 20 : test_Login_DDT_006 is Passed
 2023-05-19 11:43:31,154 : 20 : test_Login_DDT_006 is Passed
 2023-05-19 11:43:31,154 : 20 : test_Login_DDT_006 is Passed
 2023-05-19 11:43:31,154 : 20 : test_Login_DDT_006 is Passed
 2023-05-19 11:43:31,154 : 20 : test_Login_DDT_006 is Passed
 2023-05-19 11:43:31,166 : 20 : test_Login_DDT_006 is Completed
 2023-05-19 11:43:31,166 : 20 : test_Login_DDT_006 is Completed
 2023-05-19 11:43:31,166 : 20 : test_Login_DDT_006 is Completed
 2023-05-19 11:43:31,166 : 20 : test_Login_DDT_006 is Completed
 2023-05-19 11:43:31,166 : 20 : test_Login_DDT_006 is Completed
 2023-05-19 11:43:31,166 : 20 : test_Login_DDT_006 is Completed
 2023-05-19 11:43:31,180 : 20 : Applicable driver not found; attempting to install with Selenium Manager (Beta)
 2023-05-19 11:43:31,180 : 20 : Applicable driver not found; attempting to install with Selenium Manager (Beta)
 2023-05-19 11:43:31,180 : 20 : Applicable driver not found; attempting to install with Selenium Manager (Beta)
 2023-05-19 11:43:31,180 : 20 : Applicable driver not found; attempting to install with Selenium Manager (Beta)
 2023-05-19 11:43:31,180 : 20 : Applicable driver not found; attempting to install with Selenium Manager (Beta)
 2023-05-19 11:43:31,180 : 20 : Applicable driver not found; attempting to install with Selenium Manager (Beta)
 2023-05-19 11:43:31,356 : 20 : test_SearchCustomer_004 is Started
 2023-05-19 11:43:31,356 : 20 : test_SearchCustomer_004 is Started
 2023-05-19 11:43:31,356 : 20 : test_SearchCustomer_004 is Started
 2023-05-19 11:43:31,356 : 20 : test_SearchCustomer_004 is Started
 2023-05-19 11:43:31,356 : 20 : test_SearchCustomer_004 is Started
 2023-05-19 11:43:31,356 : 20 : test_SearchCustomer_004 is Started
 2023-05-19 11:43:32,853 : 20 : test_Login_Param_005 is Started
 2023-05-19 11:43:32,853 : 20 : test_Login_Param_005 is Started
 2023-05-19 11:43:32,853 : 20 : test_Login_Param_005 is Started
 2023-05-19 11:43:32,853 : 20 : test_Login_Param_005 is Started
 2023-05-19 11:43:32,853 : 20 : test_Login_Param_005 is Started
 2023-05-19 11:43:32,853 : 20 : test_Login_Param_005 is Started
 2023-05-19 11:43:34,788 : 20 : Entering NewsLetter
 2023-05-19 11:43:34,788 : 20 : Entering NewsLetter
 2023-05-19 11:43:34,788 : 20 : Entering NewsLetter
 2023-05-19 11:43:34,788 : 20 : Entering NewsLetter
 2023-05-19 11:43:34,788 : 20 : Entering NewsLetter
 2023-05-19 11:43:34,788 : 20 : Entering NewsLetter
 2023-05-19 11:43:34,865 : 20 : Entering Manager Vender
 2023-05-19 11:43:34,865 : 20 : Entering Manager Vender
 2023-05-19 11:43:34,865 : 20 : Entering Manager Vender
 2023-05-19 11:43:34,865 : 20 : Entering Manager Vender
 2023-05-19 11:43:34,865 : 20 : Entering Manager Vender
 2023-05-19 11:43:34,865 : 20 : Entering Manager Vender
 2023-05-19 11:43:35,268 : 20 : Go to --> https://admin-demo.nopcommerce.com/
 2023-05-19 11:43:35,268 : 20 : Go to --> https://admin-demo.nopcommerce.com/
 2023-05-19 11:43:35,268 : 20 : Go to --> https://admin-demo.nopcommerce.com/
 2023-05-19 11:43:35,268 : 20 : Go to --> https://admin-demo.nopcommerce.com/
 2023-05-19 11:43:35,268 : 20 : Go to --> https://admin-demo.nopcommerce.com/
 2023-05-19 11:43:35,268 : 20 : Go to --> https://admin-demo.nopcommerce.com/
 2023-05-19 11:43:35,371 : 20 : Entering Email -->admin@yourstore.com
 2023-05-19 11:43:35,371 : 20 : Entering Email -->admin@yourstore.com
 2023-05-19 11:43:35,371 : 20 : Entering Email -->admin@yourstore.com
 2023-05-19 11:43:35,371 : 20 : Entering Email -->admin@yourstore.com
 2023-05-19 11:43:35,371 : 20 : Entering Email -->admin@yourstore.com
 2023-05-19 11:43:35,371 : 20 : Entering Email -->admin@yourstore.com
 2023-05-19 11:43:35,456 : 20 : Entering password -->admin
 2023-05-19 11:43:35,456 : 20 : Entering password -->admin
 2023-05-19 11:43:35,456 : 20 : Entering password -->admin
 2023-05-19 11:43:35,456 : 20 : Entering password -->admin
 2023-05-19 11:43:35,456 : 20 : Entering password -->admin
 2023-05-19 11:43:35,456 : 20 : Entering password -->admin
 2023-05-19 11:43:35,992 : 20 : Click on Save Button
 2023-05-19 11:43:35,992 : 20 : Click on Save Button
 2023-05-19 11:43:35,992 : 20 : Click on Save Button
 2023-05-19 11:43:35,992 : 20 : Click on Save Button
 2023-05-19 11:43:35,992 : 20 : Click on Save Button
 2023-05-19 11:43:35,992 : 20 : Click on Save Button
 2023-05-19 11:43:36,266 : 20 : test_AddCustomer_003 is Failed
 2023-05-19 11:43:36,266 : 20 : test_AddCustomer_003 is Failed
 2023-05-19 11:43:36,266 : 20 : test_AddCustomer_003 is Failed
 2023-05-19 11:43:36,266 : 20 : test_AddCustomer_003 is Failed
 2023-05-19 11:43:36,266 : 20 : test_AddCustomer_003 is Failed
 2023-05-19 11:43:36,266 : 20 : test_AddCustomer_003 is Failed
 2023-05-19 11:43:36,416 : 20 : Applicable driver not found; attempting to install with Selenium Manager (Beta)
 2023-05-19 11:43:36,416 : 20 : Applicable driver not found; attempting to install with Selenium Manager (Beta)
 2023-05-19 11:43:36,416 : 20 : Applicable driver not found; attempting to install with Selenium Manager (Beta)
 2023-05-19 11:43:36,416 : 20 : Applicable driver not found; attempting to install with Selenium Manager (Beta)
 2023-05-19 11:43:36,416 : 20 : Applicable driver not found; attempting to install with Selenium Manager (Beta)
 2023-05-19 11:43:36,416 : 20 : Applicable driver not found; attempting to install with Selenium Manager (Beta)
 2023-05-19 11:43:38,034 : 20 : test_Login_002 is Started
 2023-05-19 11:43:38,034 : 20 : test_Login_002 is Started
 2023-05-19 11:43:38,034 : 20 : test_Login_002 is Started
 2023-05-19 11:43:38,034 : 20 : test_Login_002 is Started
 2023-05-19 11:43:38,034 : 20 : test_Login_002 is Started
 2023-05-19 11:43:38,034 : 20 : test_Login_002 is Started
 2023-05-19 11:43:38,227 : 20 : Launching Browser
 2023-05-19 11:43:38,227 : 20 : Launching Browser
 2023-05-19 11:43:38,227 : 20 : Launching Browser
 2023-05-19 11:43:38,227 : 20 : Launching Browser
 2023-05-19 11:43:38,227 : 20 : Launching Browser
 2023-05-19 11:43:38,227 : 20 : Launching Browser
 2023-05-19 11:43:41,552 : 20 : Click on Login Button
 2023-05-19 11:43:41,552 : 20 : Click on Login Button
 2023-05-19 11:43:41,552 : 20 : Click on Login Button
 2023-05-19 11:43:41,552 : 20 : Click on Login Button
 2023-05-19 11:43:41,552 : 20 : Click on Login Button
 2023-05-19 11:43:41,552 : 20 : Click on Login Button
 2023-05-19 11:43:42,679 : 20 : Launching Browser
 2023-05-19 11:43:42,679 : 20 : Launching Browser
 2023-05-19 11:43:42,679 : 20 : Launching Browser
 2023-05-19 11:43:42,679 : 20 : Launching Browser
 2023-05-19 11:43:42,679 : 20 : Launching Browser
 2023-05-19 11:43:42,679 : 20 : Launching Browser
 2023-05-19 11:43:43,339 : 20 : Entering Email-->admin@yourstore.com
 2023-05-19 11:43:43,339 : 20 : Entering Email-->admin@yourstore.com
 2023-05-19 11:43:43,339 : 20 : Entering Email-->admin@yourstore.com
 2023-05-19 11:43:43,339 : 20 : Entering Email-->admin@yourstore.com
 2023-05-19 11:43:43,339 : 20 : Entering Email-->admin@yourstore.com
 2023-05-19 11:43:43,339 : 20 : Entering Email-->admin@yourstore.com
 2023-05-19 11:43:43,412 : 20 : Entering password-->admin
 2023-05-19 11:43:43,412 : 20 : Entering password-->admin
 2023-05-19 11:43:43,412 : 20 : Entering password-->admin
 2023-05-19 11:43:43,412 : 20 : Entering password-->admin
 2023-05-19 11:43:43,412 : 20 : Entering password-->admin
 2023-05-19 11:43:43,412 : 20 : Entering password-->admin
 2023-05-19 11:43:46,602 : 20 : Click on Customers
 2023-05-19 11:43:46,602 : 20 : Click on Customers
 2023-05-19 11:43:46,602 : 20 : Click on Customers
 2023-05-19 11:43:46,602 : 20 : Click on Customers
 2023-05-19 11:43:46,602 : 20 : Click on Customers
 2023-05-19 11:43:46,602 : 20 : Click on Customers
 2023-05-19 11:43:47,809 : 20 : Entering Email-->admin@yourstore.com
 2023-05-19 11:43:47,809 : 20 : Entering Email-->admin@yourstore.com
 2023-05-19 11:43:47,809 : 20 : Entering Email-->admin@yourstore.com
 2023-05-19 11:43:47,809 : 20 : Entering Email-->admin@yourstore.com
 2023-05-19 11:43:47,809 : 20 : Entering Email-->admin@yourstore.com
 2023-05-19 11:43:47,809 : 20 : Entering Email-->admin@yourstore.com
 2023-05-19 11:43:47,885 : 20 : Entering password-->admin
 2023-05-19 11:43:47,885 : 20 : Entering password-->admin
 2023-05-19 11:43:47,885 : 20 : Entering password-->admin
 2023-05-19 11:43:47,885 : 20 : Entering password-->admin
 2023-05-19 11:43:47,885 : 20 : Entering password-->admin
 2023-05-19 11:43:47,885 : 20 : Entering password-->admin
 2023-05-19 11:43:48,435 : 20 : Click on Login Button
 2023-05-19 11:43:48,435 : 20 : Click on Login Button
 2023-05-19 11:43:48,435 : 20 : Click on Login Button
 2023-05-19 11:43:48,435 : 20 : Click on Login Button
 2023-05-19 11:43:48,435 : 20 : Click on Login Button
 2023-05-19 11:43:48,435 : 20 : Click on Login Button
 2023-05-19 11:43:48,504 : 20 : test_Login_002 is Passed
 2023-05-19 11:43:48,504 : 20 : test_Login_002 is Passed
 2023-05-19 11:43:48,504 : 20 : test_Login_002 is Passed
 2023-05-19 11:43:48,504 : 20 : test_Login_002 is Passed
 2023-05-19 11:43:48,504 : 20 : test_Login_002 is Passed
 2023-05-19 11:43:48,504 : 20 : test_Login_002 is Passed
 2023-05-19 11:43:52,638 : 20 : Click on Logout Button
 2023-05-19 11:43:52,638 : 20 : Click on Logout Button
 2023-05-19 11:43:52,638 : 20 : Click on Logout Button
 2023-05-19 11:43:52,638 : 20 : Click on Logout Button
 2023-05-19 11:43:52,638 : 20 : Click on Logout Button
 2023-05-19 11:43:52,638 : 20 : Click on Logout Button
 2023-05-19 11:43:52,638 : 20 : test_Login_Param_005 is Completed
 2023-05-19 11:43:52,638 : 20 : test_Login_Param_005 is Completed
 2023-05-19 11:43:52,638 : 20 : test_Login_Param_005 is Completed
 2023-05-19 11:43:52,638 : 20 : test_Login_Param_005 is Completed
 2023-05-19 11:43:52,638 : 20 : test_Login_Param_005 is Completed
 2023-05-19 11:43:52,638 : 20 : test_Login_Param_005 is Completed
 2023-05-19 11:43:53,785 : 20 : Click on Add Customers
 2023-05-19 11:43:53,785 : 20 : Click on Add Customers
 2023-05-19 11:43:53,785 : 20 : Click on Add Customers
 2023-05-19 11:43:53,785 : 20 : Click on Add Customers
 2023-05-19 11:43:53,785 : 20 : Click on Add Customers
 2023-05-19 11:43:53,785 : 20 : Click on Add Customers
 2023-05-19 11:43:53,837 : 20 : Entering First Name
 2023-05-19 11:43:53,837 : 20 : Entering First Name
 2023-05-19 11:43:53,837 : 20 : Entering First Name
 2023-05-19 11:43:53,837 : 20 : Entering First Name
 2023-05-19 11:43:53,837 : 20 : Entering First Name
 2023-05-19 11:43:53,837 : 20 : Entering First Name
 2023-05-19 11:43:53,944 : 20 : Entering Last Name
 2023-05-19 11:43:53,944 : 20 : Entering Last Name
 2023-05-19 11:43:53,944 : 20 : Entering Last Name
 2023-05-19 11:43:53,944 : 20 : Entering Last Name
 2023-05-19 11:43:53,944 : 20 : Entering Last Name
 2023-05-19 11:43:53,944 : 20 : Entering Last Name
 2023-05-19 11:43:54,561 : 20 : Click on Login Button
 2023-05-19 11:43:54,561 : 20 : Click on Login Button
 2023-05-19 11:43:54,561 : 20 : Click on Login Button
 2023-05-19 11:43:54,561 : 20 : Click on Login Button
 2023-05-19 11:43:54,561 : 20 : Click on Login Button
 2023-05-19 11:43:54,561 : 20 : Click on Login Button
 2023-05-19 11:43:54,644 : 20 : test_Login_002 is Passed
 2023-05-19 11:43:54,644 : 20 : test_Login_002 is Passed
 2023-05-19 11:43:54,644 : 20 : test_Login_002 is Passed
 2023-05-19 11:43:54,644 : 20 : test_Login_002 is Passed
 2023-05-19 11:43:54,644 : 20 : test_Login_002 is Passed
 2023-05-19 11:43:54,644 : 20 : test_Login_002 is Passed
 2023-05-19 11:43:56,057 : 20 : Click on Search Button
 2023-05-19 11:43:56,057 : 20 : Click on Search Button
 2023-05-19 11:43:56,057 : 20 : Click on Search Button
 2023-05-19 11:43:56,057 : 20 : Click on Search Button
 2023-05-19 11:43:56,057 : 20 : Click on Search Button
 2023-05-19 11:43:56,057 : 20 : Click on Search Button
 2023-05-19 11:43:59,658 : 20 : Click on Logout Button
 2023-05-19 11:43:59,658 : 20 : Click on Logout Button
 2023-05-19 11:43:59,658 : 20 : Click on Logout Button
 2023-05-19 11:43:59,658 : 20 : Click on Logout Button
 2023-05-19 11:43:59,658 : 20 : Click on Logout Button
 2023-05-19 11:43:59,658 : 20 : Click on Logout Button
 2023-05-19 11:43:59,659 : 20 : test_Login_002 is Completed
 2023-05-19 11:43:59,659 : 20 : test_Login_002 is Completed
 2023-05-19 11:43:59,659 : 20 : test_Login_002 is Completed
 2023-05-19 11:43:59,659 : 20 : test_Login_002 is Completed
 2023-05-19 11:43:59,659 : 20 : test_Login_002 is Completed
 2023-05-19 11:43:59,659 : 20 : test_Login_002 is Completed
 2023-05-19 11:44:06,343 : 20 : test_SearchCustomer_004 is Passed
 2023-05-19 11:44:06,343 : 20 : test_SearchCustomer_004 is Passed
 2023-05-19 11:44:06,343 : 20 : test_SearchCustomer_004 is Passed
 2023-05-19 11:44:06,343 : 20 : test_SearchCustomer_004 is Passed
 2023-05-19 11:44:06,343 : 20 : test_SearchCustomer_004 is Passed
 2023-05-19 11:44:06,343 : 20 : test_SearchCustomer_004 is Passed
 2023-05-19 11:44:06,343 : 20 : test_SearchCustomer_004 is Completed
 2023-05-19 11:44:06,343 : 20 : test_SearchCustomer_004 is Completed
 2023-05-19 11:44:06,343 : 20 : test_SearchCustomer_004 is Completed
 2023-05-19 11:44:06,343 : 20 : test_SearchCustomer_004 is Completed
 2023-05-19 11:44:06,343 : 20 : test_SearchCustomer_004 is Completed
 2023-05-19 11:44:06,343 : 20 : test_SearchCustomer_004 is Completed
 2023-05-19 19:09:22,219 : 20 : Applicable driver not found; attempting to install with Selenium Manager (Beta)
 2023-05-19 19:09:22,219 : 20 : Applicable driver not found; attempting to install with Selenium Manager (Beta)
 2023-05-19 19:09:22,219 : 20 : Applicable driver not found; attempting to install with Selenium Manager (Beta)
 2023-05-19 19:09:22,219 : 20 : Applicable driver not found; attempting to install with Selenium Manager (Beta)
 2023-05-19 19:09:22,219 : 20 : Applicable driver not found; attempting to install with Selenium Manager (Beta)
 2023-05-19 19:09:22,219 : 20 : Applicable driver not found; attempting to install with Selenium Manager (Beta)
 2023-05-19 19:09:22,219 : 20 : Applicable driver not found; attempting to install with Selenium Manager (Beta)
 2023-05-19 19:09:22,219 : 20 : Applicable driver not found; attempting to install with Selenium Manager (Beta)
 2023-05-19 19:09:22,219 : 20 : Applicable driver not found; attempting to install with Selenium Manager (Beta)
 2023-05-19 19:09:22,219 : 20 : Applicable driver not found; attempting to install with Selenium Manager (Beta)
 2023-05-19 19:09:22,219 : 20 : Applicable driver not found; attempting to install with Selenium Manager (Beta)
 2023-05-19 19:09:22,219 : 20 : Applicable driver not found; attempting to install with Selenium Manager (Beta)
 2023-05-19 19:09:22,219 : 20 : Applicable driver not found; attempting to install with Selenium Manager (Beta)
 2023-05-19 19:09:22,219 : 20 : Applicable driver not found; attempting to install with Selenium Manager (Beta)
 2023-05-19 19:09:22,219 : 20 : Applicable driver not found; attempting to install with Selenium Manager (Beta)
 2023-05-19 19:09:24,230 : 20 : test_Login_Param_005 is Started
 2023-05-19 19:09:24,230 : 20 : test_Login_Param_005 is Started
 2023-05-19 19:09:24,230 : 20 : test_Login_Param_005 is Started
 2023-05-19 19:09:24,230 : 20 : test_Login_Param_005 is Started
 2023-05-19 19:09:24,230 : 20 : test_Login_Param_005 is Started
 2023-05-19 19:09:24,230 : 20 : test_Login_Param_005 is Started
 2023-05-19 19:09:24,248 : 20 : test_Login_Param_005 is Started
 2023-05-19 19:09:24,248 : 20 : test_AddCustomer_003 is Started
 2023-05-19 19:09:24,248 : 20 : test_Login_Param_005 is Started
 2023-05-19 19:09:24,248 : 20 : test_AddCustomer_003 is Started
 2023-05-19 19:09:24,248 : 20 : test_Login_Param_005 is Started 2023-05-19 19:09:24,248 : 20 : test_AddCustomer_003 is Started
 2023-05-19 19:09:24,248 : 20 : test_AddCustomer_003 is Started
 2023-05-19 19:09:24,248 : 20 : test_AddCustomer_003 is Started
 2023-05-19 19:09:24,248 : 20 : test_AddCustomer_003 is Started
 2023-05-19 19:09:24,248 : 20 : test_Login_Param_005 is Started
 2023-05-19 19:09:24,248 : 20 : test_Login_Param_005 is Started
 2023-05-19 19:09:24,248 : 20 : test_Login_DDT_006 is Started
 2023-05-19 19:09:24,249 : 20 : Launching browser
 2023-05-19 19:09:24,249 : 20 : Launching browser
 2023-05-19 19:09:24,249 : 20 : Launching browser
 2023-05-19 19:09:24,249 : 20 : Launching browser
 2023-05-19 19:09:24,249 : 20 : Launching browser
 2023-05-19 19:09:24,249 : 20 : Launching browser
 2023-05-19 19:09:28,259 : 20 : Go to -->https://admin-demo.nopcommerce.com/
 2023-05-19 19:09:28,259 : 20 : Go to -->https://admin-demo.nopcommerce.com/
 2023-05-19 19:09:28,259 : 20 : Go to -->https://admin-demo.nopcommerce.com/
 2023-05-19 19:09:28,259 : 20 : Go to -->https://admin-demo.nopcommerce.com/
 2023-05-19 19:09:28,259 : 20 : Go to -->https://admin-demo.nopcommerce.com/
 2023-05-19 19:09:28,259 : 20 : Go to -->https://admin-demo.nopcommerce.com/
 2023-05-19 19:09:28,365 : 20 : Entering email --> admin@yourstore.com
 2023-05-19 19:09:28,365 : 20 : Entering email --> admin@yourstore.com
 2023-05-19 19:09:28,365 : 20 : Entering email --> admin@yourstore.com
 2023-05-19 19:09:28,365 : 20 : Entering email --> admin@yourstore.com
 2023-05-19 19:09:28,365 : 20 : Entering email --> admin@yourstore.com
 2023-05-19 19:09:28,365 : 20 : Entering email --> admin@yourstore.com
 2023-05-19 19:09:28,448 : 20 : Entering Password -->admin
 2023-05-19 19:09:28,448 : 20 : Entering Password -->admin
 2023-05-19 19:09:28,448 : 20 : Entering Password -->admin
 2023-05-19 19:09:28,448 : 20 : Entering Password -->admin
 2023-05-19 19:09:28,448 : 20 : Entering Password -->admin
 2023-05-19 19:09:28,448 : 20 : Entering Password -->admin
 2023-05-19 19:09:29,691 : 20 : Launching Browser
 2023-05-19 19:09:29,691 : 20 : Launching Browser
 2023-05-19 19:09:29,691 : 20 : Launching Browser
 2023-05-19 19:09:29,691 : 20 : Launching Browser
 2023-05-19 19:09:29,691 : 20 : Launching Browser
 2023-05-19 19:09:29,691 : 20 : Launching Browser
 2023-05-19 19:09:30,507 : 20 : Launching Browser
 2023-05-19 19:09:30,507 : 20 : Launching Browser
 2023-05-19 19:09:30,507 : 20 : Launching Browser
 2023-05-19 19:09:30,507 : 20 : Launching Browser
 2023-05-19 19:09:30,507 : 20 : Launching Browser
 2023-05-19 19:09:30,507 : 20 : Launching Browser
 2023-05-19 19:09:30,516 : 20 : Launching Browser
 2023-05-19 19:09:30,516 : 20 : Launching Browser
 2023-05-19 19:09:30,516 : 20 : Launching Browser
 2023-05-19 19:09:30,516 : 20 : Launching Browser
 2023-05-19 19:09:30,516 : 20 : Launching Browser
 2023-05-19 19:09:30,516 : 20 : Launching Browser
 2023-05-19 19:09:33,203 : 20 : Click on Login Button
 2023-05-19 19:09:33,203 : 20 : Click on Login Button
 2023-05-19 19:09:33,203 : 20 : Click on Login Button
 2023-05-19 19:09:33,203 : 20 : Click on Login Button
 2023-05-19 19:09:33,203 : 20 : Click on Login Button
 2023-05-19 19:09:33,203 : 20 : Click on Login Button
 2023-05-19 19:09:34,844 : 20 : Entering Email-->admin@yourstore.com
 2023-05-19 19:09:34,844 : 20 : Entering Email-->admin@yourstore.com
 2023-05-19 19:09:34,844 : 20 : Entering Email-->admin@yourstore.com
 2023-05-19 19:09:34,844 : 20 : Entering Email-->admin@yourstore.com
 2023-05-19 19:09:34,844 : 20 : Entering Email-->admin@yourstore.com
 2023-05-19 19:09:34,844 : 20 : Entering Email-->admin@yourstore.com
 2023-05-19 19:09:34,916 : 20 : Entering password-->admin
 2023-05-19 19:09:34,916 : 20 : Entering password-->admin
 2023-05-19 19:09:34,916 : 20 : Entering password-->admin
 2023-05-19 19:09:34,916 : 20 : Entering password-->admin
 2023-05-19 19:09:34,916 : 20 : Entering password-->admin
 2023-05-19 19:09:34,916 : 20 : Entering password-->admin
 2023-05-19 19:09:35,652 : 20 : Entering Email-->admin1@yourstore.com
 2023-05-19 19:09:35,652 : 20 : Entering Email-->admin1@yourstore.com
 2023-05-19 19:09:35,652 : 20 : Entering Email-->admin1@yourstore.com
 2023-05-19 19:09:35,652 : 20 : Entering Email-->admin1@yourstore.com
 2023-05-19 19:09:35,652 : 20 : Entering Email-->admin1@yourstore.com
 2023-05-19 19:09:35,652 : 20 : Entering Email-->admin1@yourstore.com
 2023-05-19 19:09:35,654 : 20 : Entering Email-->admin1@yourstore.com
 2023-05-19 19:09:35,654 : 20 : Entering Email-->admin1@yourstore.com
 2023-05-19 19:09:35,654 : 20 : Entering Email-->admin1@yourstore.com
 2023-05-19 19:09:35,654 : 20 : Entering Email-->admin1@yourstore.com
 2023-05-19 19:09:35,654 : 20 : Entering Email-->admin1@yourstore.com
 2023-05-19 19:09:35,654 : 20 : Entering Email-->admin1@yourstore.com
 2023-05-19 19:09:35,732 : 20 : Entering password-->admin
 2023-05-19 19:09:35,732 : 20 : Entering password-->admin
 2023-05-19 19:09:35,732 : 20 : Entering password-->admin
 2023-05-19 19:09:35,732 : 20 : Entering password-->admin
 2023-05-19 19:09:35,732 : 20 : Entering password-->admin
 2023-05-19 19:09:35,732 : 20 : Entering password-->admin
 2023-05-19 19:09:35,732 : 20 : Entering password-->admin1
 2023-05-19 19:09:35,732 : 20 : Entering password-->admin1
 2023-05-19 19:09:35,732 : 20 : Entering password-->admin1
 2023-05-19 19:09:35,732 : 20 : Entering password-->admin1
 2023-05-19 19:09:35,732 : 20 : Entering password-->admin1
 2023-05-19 19:09:35,732 : 20 : Entering password-->admin1
 2023-05-19 19:09:37,020 : 20 : Click on Login Button
 2023-05-19 19:09:37,020 : 20 : Click on Login Button
 2023-05-19 19:09:37,020 : 20 : Click on Login Button
 2023-05-19 19:09:37,020 : 20 : Click on Login Button
 2023-05-19 19:09:37,020 : 20 : Click on Login Button
 2023-05-19 19:09:37,020 : 20 : Click on Login Button
 2023-05-19 19:09:37,034 : 20 : Click on Login Button
 2023-05-19 19:09:37,034 : 20 : Click on Login Button
 2023-05-19 19:09:37,034 : 20 : Click on Login Button
 2023-05-19 19:09:37,034 : 20 : Click on Login Button
 2023-05-19 19:09:37,034 : 20 : Click on Login Button
 2023-05-19 19:09:37,034 : 20 : Click on Login Button
 2023-05-19 19:09:37,076 : 20 : test_Login_002 is Passed
 2023-05-19 19:09:37,076 : 20 : test_Login_002 is Passed
 2023-05-19 19:09:37,076 : 20 : test_Login_002 is Passed
 2023-05-19 19:09:37,076 : 20 : test_Login_002 is Passed
 2023-05-19 19:09:37,076 : 20 : test_Login_002 is Passed
 2023-05-19 19:09:37,076 : 20 : test_Login_002 is Passed
 2023-05-19 19:09:37,076 : 20 : test_Login_Param_005 is Completed
 2023-05-19 19:09:37,076 : 20 : test_Login_Param_005 is Completed
 2023-05-19 19:09:37,076 : 20 : test_Login_Param_005 is Completed
 2023-05-19 19:09:37,076 : 20 : test_Login_Param_005 is Completed
 2023-05-19 19:09:37,076 : 20 : test_Login_Param_005 is Completed
 2023-05-19 19:09:37,076 : 20 : test_Login_Param_005 is Completed
 2023-05-19 19:09:37,087 : 20 : test_Login_002 is Passed
 2023-05-19 19:09:37,087 : 20 : test_Login_002 is Passed
 2023-05-19 19:09:37,087 : 20 : test_Login_002 is Passed
 2023-05-19 19:09:37,087 : 20 : test_Login_002 is Passed
 2023-05-19 19:09:37,087 : 20 : test_Login_002 is Passed
 2023-05-19 19:09:37,087 : 20 : test_Login_002 is Passed
 2023-05-19 19:09:37,087 : 20 : test_Login_Param_005 is Completed
 2023-05-19 19:09:37,087 : 20 : test_Login_Param_005 is Completed
 2023-05-19 19:09:37,087 : 20 : test_Login_Param_005 is Completed
 2023-05-19 19:09:37,087 : 20 : test_Login_Param_005 is Completed
 2023-05-19 19:09:37,087 : 20 : test_Login_Param_005 is Completed
 2023-05-19 19:09:37,087 : 20 : test_Login_Param_005 is Completed
 2023-05-19 19:09:37,090 : 20 : Applicable driver not found; attempting to install with Selenium Manager (Beta)
 2023-05-19 19:09:37,090 : 20 : Applicable driver not found; attempting to install with Selenium Manager (Beta)
 2023-05-19 19:09:37,090 : 20 : Applicable driver not found; attempting to install with Selenium Manager (Beta)
 2023-05-19 19:09:37,090 : 20 : Applicable driver not found; attempting to install with Selenium Manager (Beta)
 2023-05-19 19:09:37,090 : 20 : Applicable driver not found; attempting to install with Selenium Manager (Beta)
 2023-05-19 19:09:37,090 : 20 : Applicable driver not found; attempting to install with Selenium Manager (Beta)
 2023-05-19 19:09:37,104 : 20 : Applicable driver not found; attempting to install with Selenium Manager (Beta)
 2023-05-19 19:09:37,104 : 20 : Applicable driver not found; attempting to install with Selenium Manager (Beta)
 2023-05-19 19:09:37,104 : 20 : Applicable driver not found; attempting to install with Selenium Manager (Beta)
 2023-05-19 19:09:37,104 : 20 : Applicable driver not found; attempting to install with Selenium Manager (Beta)
 2023-05-19 19:09:37,104 : 20 : Applicable driver not found; attempting to install with Selenium Manager (Beta)
 2023-05-19 19:09:37,104 : 20 : Applicable driver not found; attempting to install with Selenium Manager (Beta)
 2023-05-19 19:09:38,302 : 20 : Click on Login Button
 2023-05-19 19:09:38,302 : 20 : Click on Login Button
 2023-05-19 19:09:38,302 : 20 : Click on Login Button
 2023-05-19 19:09:38,302 : 20 : Click on Login Button
 2023-05-19 19:09:38,302 : 20 : Click on Login Button
 2023-05-19 19:09:38,302 : 20 : Click on Login Button
 2023-05-19 19:09:38,413 : 20 : Click on Customers
 2023-05-19 19:09:38,413 : 20 : Click on Customers
 2023-05-19 19:09:38,413 : 20 : Click on Customers
 2023-05-19 19:09:38,413 : 20 : Click on Customers
 2023-05-19 19:09:38,413 : 20 : Click on Customers
 2023-05-19 19:09:38,413 : 20 : Click on Customers
 2023-05-19 19:09:38,512 : 20 : test_Login_DDT_006 is Passed
 2023-05-19 19:09:38,512 : 20 : test_Login_DDT_006 is Passed
 2023-05-19 19:09:38,512 : 20 : test_Login_DDT_006 is Passed
 2023-05-19 19:09:38,512 : 20 : test_Login_DDT_006 is Passed
 2023-05-19 19:09:38,512 : 20 : test_Login_DDT_006 is Passed
 2023-05-19 19:09:38,512 : 20 : test_Login_DDT_006 is Passed
 2023-05-19 19:09:38,687 : 20 : test_PageTitle_001 is Started
 2023-05-19 19:09:38,687 : 20 : test_PageTitle_001 is Started
 2023-05-19 19:09:38,687 : 20 : test_PageTitle_001 is Started
 2023-05-19 19:09:38,687 : 20 : test_PageTitle_001 is Started
 2023-05-19 19:09:38,687 : 20 : test_PageTitle_001 is Started
 2023-05-19 19:09:38,687 : 20 : test_PageTitle_001 is Started
 2023-05-19 19:09:38,767 : 20 : test_Login_Param_005 is Started
 2023-05-19 19:09:38,767 : 20 : test_Login_Param_005 is Started
 2023-05-19 19:09:38,767 : 20 : test_Login_Param_005 is Started
 2023-05-19 19:09:38,767 : 20 : test_Login_Param_005 is Started
 2023-05-19 19:09:38,767 : 20 : test_Login_Param_005 is Started
 2023-05-19 19:09:38,767 : 20 : test_Login_Param_005 is Started
 2023-05-19 19:09:40,184 : 20 : Launching Browser
 2023-05-19 19:09:40,184 : 20 : Launching Browser
 2023-05-19 19:09:40,184 : 20 : Launching Browser
 2023-05-19 19:09:40,184 : 20 : Launching Browser
 2023-05-19 19:09:40,184 : 20 : Launching Browser
 2023-05-19 19:09:40,184 : 20 : Launching Browser
 2023-05-19 19:09:41,889 : 20 : Click on Logout Button
 2023-05-19 19:09:41,889 : 20 : Click on Logout Button
 2023-05-19 19:09:41,889 : 20 : Click on Logout Button
 2023-05-19 19:09:41,889 : 20 : Click on Logout Button
 2023-05-19 19:09:41,889 : 20 : Click on Logout Button
 2023-05-19 19:09:41,889 : 20 : Click on Logout Button
 2023-05-19 19:09:41,982 : 20 : Entering Email-->admin@yourstore.com
 2023-05-19 19:09:41,982 : 20 : Entering Email-->admin@yourstore.com
 2023-05-19 19:09:41,982 : 20 : Entering Email-->admin@yourstore.com
 2023-05-19 19:09:41,982 : 20 : Entering Email-->admin@yourstore.com
 2023-05-19 19:09:41,982 : 20 : Entering Email-->admin@yourstore.com
 2023-05-19 19:09:41,982 : 20 : Entering Email-->admin@yourstore.com
 2023-05-19 19:09:42,056 : 20 : Entering password-->admin1
 2023-05-19 19:09:42,056 : 20 : Entering password-->admin1
 2023-05-19 19:09:42,056 : 20 : Entering password-->admin1
 2023-05-19 19:09:42,056 : 20 : Entering password-->admin1
 2023-05-19 19:09:42,056 : 20 : Entering password-->admin1
 2023-05-19 19:09:42,056 : 20 : Entering password-->admin1
 2023-05-19 19:09:42,458 : 20 : Launching Browser-->https://admin-demo.nopcommerce.com/
 2023-05-19 19:09:42,458 : 20 : Launching Browser-->https://admin-demo.nopcommerce.com/
 2023-05-19 19:09:42,458 : 20 : Launching Browser-->https://admin-demo.nopcommerce.com/
 2023-05-19 19:09:42,458 : 20 : Launching Browser-->https://admin-demo.nopcommerce.com/
 2023-05-19 19:09:42,458 : 20 : Launching Browser-->https://admin-demo.nopcommerce.com/
 2023-05-19 19:09:42,458 : 20 : Launching Browser-->https://admin-demo.nopcommerce.com/
 2023-05-19 19:09:42,497 : 20 : Click on Login Button
 2023-05-19 19:09:42,497 : 20 : Click on Login Button
 2023-05-19 19:09:42,497 : 20 : Click on Login Button
 2023-05-19 19:09:42,497 : 20 : Click on Login Button
 2023-05-19 19:09:42,497 : 20 : Click on Login Button
 2023-05-19 19:09:42,497 : 20 : Click on Login Button
 2023-05-19 19:09:42,523 : 20 : test_PageTitle_001 is Passed
 2023-05-19 19:09:42,523 : 20 : test_PageTitle_001 is Passed
 2023-05-19 19:09:42,523 : 20 : test_PageTitle_001 is Passed
 2023-05-19 19:09:42,523 : 20 : test_PageTitle_001 is Passed
 2023-05-19 19:09:42,523 : 20 : test_PageTitle_001 is Passed
 2023-05-19 19:09:42,523 : 20 : test_PageTitle_001 is Passed
 2023-05-19 19:09:42,528 : 20 : Page Title is-->Your store. Login
 2023-05-19 19:09:42,528 : 20 : Page Title is-->Your store. Login
 2023-05-19 19:09:42,528 : 20 : Page Title is-->Your store. Login
 2023-05-19 19:09:42,528 : 20 : Page Title is-->Your store. Login
 2023-05-19 19:09:42,528 : 20 : Page Title is-->Your store. Login
 2023-05-19 19:09:42,528 : 20 : Page Title is-->Your store. Login
 2023-05-19 19:09:42,529 : 20 : test_PageTitle_001 is Completed
 2023-05-19 19:09:42,529 : 20 : test_PageTitle_001 is Completed
 2023-05-19 19:09:42,529 : 20 : test_PageTitle_001 is Completed
 2023-05-19 19:09:42,529 : 20 : test_PageTitle_001 is Completed
 2023-05-19 19:09:42,529 : 20 : test_PageTitle_001 is Completed
 2023-05-19 19:09:42,529 : 20 : test_PageTitle_001 is Completed
 2023-05-19 19:09:42,542 : 20 : Applicable driver not found; attempting to install with Selenium Manager (Beta)
 2023-05-19 19:09:42,542 : 20 : Applicable driver not found; attempting to install with Selenium Manager (Beta)
 2023-05-19 19:09:42,542 : 20 : Applicable driver not found; attempting to install with Selenium Manager (Beta)
 2023-05-19 19:09:42,542 : 20 : Applicable driver not found; attempting to install with Selenium Manager (Beta)
 2023-05-19 19:09:42,542 : 20 : Applicable driver not found; attempting to install with Selenium Manager (Beta)
 2023-05-19 19:09:42,542 : 20 : Applicable driver not found; attempting to install with Selenium Manager (Beta)
 2023-05-19 19:09:42,604 : 20 : test_Login_DDT_006 is Passed
 2023-05-19 19:09:42,604 : 20 : test_Login_DDT_006 is Passed
 2023-05-19 19:09:42,604 : 20 : test_Login_DDT_006 is Passed
 2023-05-19 19:09:42,604 : 20 : test_Login_DDT_006 is Passed
 2023-05-19 19:09:42,604 : 20 : test_Login_DDT_006 is Passed
 2023-05-19 19:09:42,604 : 20 : test_Login_DDT_006 is Passed
 2023-05-19 19:09:42,695 : 20 : Entering Email-->admin1@yourstore.com
 2023-05-19 19:09:42,695 : 20 : Entering Email-->admin1@yourstore.com
 2023-05-19 19:09:42,695 : 20 : Entering Email-->admin1@yourstore.com
 2023-05-19 19:09:42,695 : 20 : Entering Email-->admin1@yourstore.com
 2023-05-19 19:09:42,695 : 20 : Entering Email-->admin1@yourstore.com
 2023-05-19 19:09:42,695 : 20 : Entering Email-->admin1@yourstore.com
 2023-05-19 19:09:42,763 : 20 : Entering password-->admin
 2023-05-19 19:09:42,763 : 20 : Entering password-->admin
 2023-05-19 19:09:42,763 : 20 : Entering password-->admin
 2023-05-19 19:09:42,763 : 20 : Entering password-->admin
 2023-05-19 19:09:42,763 : 20 : Entering password-->admin
 2023-05-19 19:09:42,763 : 20 : Entering password-->admin
 2023-05-19 19:09:43,245 : 20 : Click on Login Button
 2023-05-19 19:09:43,245 : 20 : Click on Login Button
 2023-05-19 19:09:43,245 : 20 : Click on Login Button
 2023-05-19 19:09:43,245 : 20 : Click on Login Button
 2023-05-19 19:09:43,245 : 20 : Click on Login Button
 2023-05-19 19:09:43,245 : 20 : Click on Login Button
 2023-05-19 19:09:43,304 : 20 : test_Login_DDT_006 is Passed
 2023-05-19 19:09:43,304 : 20 : test_Login_DDT_006 is Passed
 2023-05-19 19:09:43,304 : 20 : test_Login_DDT_006 is Passed
 2023-05-19 19:09:43,304 : 20 : test_Login_DDT_006 is Passed
 2023-05-19 19:09:43,304 : 20 : test_Login_DDT_006 is Passed
 2023-05-19 19:09:43,304 : 20 : test_Login_DDT_006 is Passed
 2023-05-19 19:09:43,398 : 20 : Entering Email-->admin1@yourstore.com
 2023-05-19 19:09:43,398 : 20 : Entering Email-->admin1@yourstore.com
 2023-05-19 19:09:43,398 : 20 : Entering Email-->admin1@yourstore.com
 2023-05-19 19:09:43,398 : 20 : Entering Email-->admin1@yourstore.com
 2023-05-19 19:09:43,398 : 20 : Entering Email-->admin1@yourstore.com
 2023-05-19 19:09:43,398 : 20 : Entering Email-->admin1@yourstore.com
 2023-05-19 19:09:43,482 : 20 : Entering password-->admin1
 2023-05-19 19:09:43,482 : 20 : Entering password-->admin1
 2023-05-19 19:09:43,482 : 20 : Entering password-->admin1
 2023-05-19 19:09:43,482 : 20 : Entering password-->admin1
 2023-05-19 19:09:43,482 : 20 : Entering password-->admin1
 2023-05-19 19:09:43,482 : 20 : Entering password-->admin1
 2023-05-19 19:09:43,968 : 20 : Click on Login Button
 2023-05-19 19:09:43,968 : 20 : Click on Login Button
 2023-05-19 19:09:43,968 : 20 : Click on Login Button
 2023-05-19 19:09:43,968 : 20 : Click on Login Button
 2023-05-19 19:09:43,968 : 20 : Click on Login Button
 2023-05-19 19:09:43,968 : 20 : Click on Login Button
 2023-05-19 19:09:44,057 : 20 : test_Login_DDT_006 is Passed
 2023-05-19 19:09:44,057 : 20 : test_Login_DDT_006 is Passed
 2023-05-19 19:09:44,057 : 20 : test_Login_DDT_006 is Passed
 2023-05-19 19:09:44,057 : 20 : test_Login_DDT_006 is Passed
 2023-05-19 19:09:44,057 : 20 : test_Login_DDT_006 is Passed
 2023-05-19 19:09:44,057 : 20 : test_Login_DDT_006 is Passed
 2023-05-19 19:09:44,079 : 20 : test_Login_DDT_006 is Completed
 2023-05-19 19:09:44,079 : 20 : test_Login_DDT_006 is Completed
 2023-05-19 19:09:44,079 : 20 : test_Login_DDT_006 is Completed
 2023-05-19 19:09:44,079 : 20 : test_Login_DDT_006 is Completed
 2023-05-19 19:09:44,079 : 20 : test_Login_DDT_006 is Completed
 2023-05-19 19:09:44,079 : 20 : test_Login_DDT_006 is Completed
 2023-05-19 19:09:44,098 : 20 : Applicable driver not found; attempting to install with Selenium Manager (Beta)
 2023-05-19 19:09:44,098 : 20 : Applicable driver not found; attempting to install with Selenium Manager (Beta)
 2023-05-19 19:09:44,098 : 20 : Applicable driver not found; attempting to install with Selenium Manager (Beta)
 2023-05-19 19:09:44,098 : 20 : Applicable driver not found; attempting to install with Selenium Manager (Beta)
 2023-05-19 19:09:44,098 : 20 : Applicable driver not found; attempting to install with Selenium Manager (Beta)
 2023-05-19 19:09:44,098 : 20 : Applicable driver not found; attempting to install with Selenium Manager (Beta)
 2023-05-19 19:09:44,189 : 20 : test_SearchCustomer_004 is Started
 2023-05-19 19:09:44,189 : 20 : test_SearchCustomer_004 is Started
 2023-05-19 19:09:44,189 : 20 : test_SearchCustomer_004 is Started
 2023-05-19 19:09:44,189 : 20 : test_SearchCustomer_004 is Started
 2023-05-19 19:09:44,189 : 20 : test_SearchCustomer_004 is Started
 2023-05-19 19:09:44,189 : 20 : test_SearchCustomer_004 is Started
 2023-05-19 19:09:44,853 : 20 : Click on Add Customers
 2023-05-19 19:09:44,853 : 20 : Click on Add Customers
 2023-05-19 19:09:44,853 : 20 : Click on Add Customers
 2023-05-19 19:09:44,853 : 20 : Click on Add Customers
 2023-05-19 19:09:44,853 : 20 : Click on Add Customers
 2023-05-19 19:09:44,853 : 20 : Click on Add Customers
 2023-05-19 19:09:45,306 : 20 : Entering Email-->admin@yourstore.com
 2023-05-19 19:09:45,306 : 20 : Entering Email-->admin@yourstore.com
 2023-05-19 19:09:45,306 : 20 : Entering Email-->admin@yourstore.com
 2023-05-19 19:09:45,306 : 20 : Entering Email-->admin@yourstore.com
 2023-05-19 19:09:45,306 : 20 : Entering Email-->admin@yourstore.com
 2023-05-19 19:09:45,306 : 20 : Entering Email-->admin@yourstore.com
 2023-05-19 19:09:45,379 : 20 : Entering password-->admin1
 2023-05-19 19:09:45,379 : 20 : Entering password-->admin1
 2023-05-19 19:09:45,379 : 20 : Entering password-->admin1
 2023-05-19 19:09:45,379 : 20 : Entering password-->admin1
 2023-05-19 19:09:45,379 : 20 : Entering password-->admin1
 2023-05-19 19:09:45,379 : 20 : Entering password-->admin1
 2023-05-19 19:09:45,622 : 20 : test_Login_Param_005 is Started
 2023-05-19 19:09:45,622 : 20 : test_Login_Param_005 is Started
 2023-05-19 19:09:45,622 : 20 : test_Login_Param_005 is Started
 2023-05-19 19:09:45,622 : 20 : test_Login_Param_005 is Started
 2023-05-19 19:09:45,622 : 20 : test_Login_Param_005 is Started
 2023-05-19 19:09:45,622 : 20 : test_Login_Param_005 is Started
 2023-05-19 19:09:46,047 : 20 : Click on Login Button
 2023-05-19 19:09:46,047 : 20 : Click on Login Button
 2023-05-19 19:09:46,047 : 20 : Click on Login Button
 2023-05-19 19:09:46,047 : 20 : Click on Login Button
 2023-05-19 19:09:46,047 : 20 : Click on Login Button
 2023-05-19 19:09:46,047 : 20 : Click on Login Button
 2023-05-19 19:09:46,105 : 20 : test_Login_002 is Passed
 2023-05-19 19:09:46,105 : 20 : test_Login_002 is Passed
 2023-05-19 19:09:46,105 : 20 : test_Login_002 is Passed
 2023-05-19 19:09:46,105 : 20 : test_Login_002 is Passed
 2023-05-19 19:09:46,105 : 20 : test_Login_002 is Passed
 2023-05-19 19:09:46,105 : 20 : test_Login_002 is Passed
 2023-05-19 19:09:46,106 : 20 : test_Login_Param_005 is Completed
 2023-05-19 19:09:46,106 : 20 : test_Login_Param_005 is Completed
 2023-05-19 19:09:46,106 : 20 : test_Login_Param_005 is Completed
 2023-05-19 19:09:46,106 : 20 : test_Login_Param_005 is Completed
 2023-05-19 19:09:46,106 : 20 : test_Login_Param_005 is Completed
 2023-05-19 19:09:46,106 : 20 : test_Login_Param_005 is Completed
 2023-05-19 19:09:46,434 : 20 : Click on Add Button
 2023-05-19 19:09:46,434 : 20 : Click on Add Button
 2023-05-19 19:09:46,434 : 20 : Click on Add Button
 2023-05-19 19:09:46,434 : 20 : Click on Add Button
 2023-05-19 19:09:46,434 : 20 : Click on Add Button
 2023-05-19 19:09:46,434 : 20 : Click on Add Button
 2023-05-19 19:09:46,545 : 20 : Entering Email address
 2023-05-19 19:09:46,545 : 20 : Entering Email address
 2023-05-19 19:09:46,545 : 20 : Entering Email address
 2023-05-19 19:09:46,545 : 20 : Entering Email address
 2023-05-19 19:09:46,545 : 20 : Entering Email address
 2023-05-19 19:09:46,545 : 20 : Entering Email address
 2023-05-19 19:09:46,608 : 20 : Entering password
 2023-05-19 19:09:46,608 : 20 : Entering password
 2023-05-19 19:09:46,608 : 20 : Entering password
 2023-05-19 19:09:46,608 : 20 : Entering password
 2023-05-19 19:09:46,608 : 20 : Entering password
 2023-05-19 19:09:46,608 : 20 : Entering password
 2023-05-19 19:09:46,666 : 20 : Entering First Name
 2023-05-19 19:09:46,666 : 20 : Entering First Name
 2023-05-19 19:09:46,666 : 20 : Entering First Name
 2023-05-19 19:09:46,666 : 20 : Entering First Name
 2023-05-19 19:09:46,666 : 20 : Entering First Name
 2023-05-19 19:09:46,666 : 20 : Entering First Name
 2023-05-19 19:09:46,722 : 20 : Entering Last Name
 2023-05-19 19:09:46,722 : 20 : Entering Last Name
 2023-05-19 19:09:46,722 : 20 : Entering Last Name
 2023-05-19 19:09:46,722 : 20 : Entering Last Name
 2023-05-19 19:09:46,722 : 20 : Entering Last Name
 2023-05-19 19:09:46,722 : 20 : Entering Last Name
 2023-05-19 19:09:46,772 : 20 : Select Gender
 2023-05-19 19:09:46,772 : 20 : Select Gender
 2023-05-19 19:09:46,772 : 20 : Select Gender
 2023-05-19 19:09:46,772 : 20 : Select Gender
 2023-05-19 19:09:46,772 : 20 : Select Gender
 2023-05-19 19:09:46,772 : 20 : Select Gender
 2023-05-19 19:09:46,838 : 20 : Entering Date Of Birth
 2023-05-19 19:09:46,838 : 20 : Entering Date Of Birth
 2023-05-19 19:09:46,838 : 20 : Entering Date Of Birth
 2023-05-19 19:09:46,838 : 20 : Entering Date Of Birth
 2023-05-19 19:09:46,838 : 20 : Entering Date Of Birth
 2023-05-19 19:09:46,838 : 20 : Entering Date Of Birth
 2023-05-19 19:09:46,894 : 20 : Entering Company Name
 2023-05-19 19:09:46,894 : 20 : Entering Company Name
 2023-05-19 19:09:46,894 : 20 : Entering Company Name
 2023-05-19 19:09:46,894 : 20 : Entering Company Name
 2023-05-19 19:09:46,894 : 20 : Entering Company Name
 2023-05-19 19:09:46,894 : 20 : Entering Company Name
 2023-05-19 19:09:48,154 : 20 : Launching Browser
 2023-05-19 19:09:48,154 : 20 : Launching Browser
 2023-05-19 19:09:48,154 : 20 : Launching Browser
 2023-05-19 19:09:48,154 : 20 : Launching Browser
 2023-05-19 19:09:48,154 : 20 : Launching Browser
 2023-05-19 19:09:48,154 : 20 : Launching Browser
 2023-05-19 19:09:48,589 : 20 : Go to --> https://admin-demo.nopcommerce.com/
 2023-05-19 19:09:48,589 : 20 : Go to --> https://admin-demo.nopcommerce.com/
 2023-05-19 19:09:48,589 : 20 : Go to --> https://admin-demo.nopcommerce.com/
 2023-05-19 19:09:48,589 : 20 : Go to --> https://admin-demo.nopcommerce.com/
 2023-05-19 19:09:48,589 : 20 : Go to --> https://admin-demo.nopcommerce.com/
 2023-05-19 19:09:48,589 : 20 : Go to --> https://admin-demo.nopcommerce.com/
 2023-05-19 19:09:48,691 : 20 : Entering Email -->admin@yourstore.com
 2023-05-19 19:09:48,691 : 20 : Entering Email -->admin@yourstore.com
 2023-05-19 19:09:48,691 : 20 : Entering Email -->admin@yourstore.com
 2023-05-19 19:09:48,691 : 20 : Entering Email -->admin@yourstore.com
 2023-05-19 19:09:48,691 : 20 : Entering Email -->admin@yourstore.com
 2023-05-19 19:09:48,691 : 20 : Entering Email -->admin@yourstore.com
 2023-05-19 19:09:48,770 : 20 : Entering password -->admin
 2023-05-19 19:09:48,770 : 20 : Entering password -->admin
 2023-05-19 19:09:48,770 : 20 : Entering password -->admin
 2023-05-19 19:09:48,770 : 20 : Entering password -->admin
 2023-05-19 19:09:48,770 : 20 : Entering password -->admin
 2023-05-19 19:09:48,770 : 20 : Entering password -->admin
 2023-05-19 19:09:52,034 : 20 : Entering NewsLetter
 2023-05-19 19:09:52,034 : 20 : Entering NewsLetter
 2023-05-19 19:09:52,034 : 20 : Entering NewsLetter
 2023-05-19 19:09:52,034 : 20 : Entering NewsLetter
 2023-05-19 19:09:52,034 : 20 : Entering NewsLetter
 2023-05-19 19:09:52,034 : 20 : Entering NewsLetter
 2023-05-19 19:09:52,115 : 20 : Entering Manager Vender
 2023-05-19 19:09:52,115 : 20 : Entering Manager Vender
 2023-05-19 19:09:52,115 : 20 : Entering Manager Vender
 2023-05-19 19:09:52,115 : 20 : Entering Manager Vender
 2023-05-19 19:09:52,115 : 20 : Entering Manager Vender
 2023-05-19 19:09:52,115 : 20 : Entering Manager Vender
 2023-05-19 19:09:53,288 : 20 : Entering Email-->admin@yourstore.com
 2023-05-19 19:09:53,288 : 20 : Entering Email-->admin@yourstore.com
 2023-05-19 19:09:53,288 : 20 : Entering Email-->admin@yourstore.com
 2023-05-19 19:09:53,288 : 20 : Entering Email-->admin@yourstore.com
 2023-05-19 19:09:53,288 : 20 : Entering Email-->admin@yourstore.com
 2023-05-19 19:09:53,288 : 20 : Entering Email-->admin@yourstore.com
 2023-05-19 19:09:53,380 : 20 : Entering password-->admin
 2023-05-19 19:09:53,380 : 20 : Entering password-->admin
 2023-05-19 19:09:53,380 : 20 : Entering password-->admin
 2023-05-19 19:09:53,380 : 20 : Entering password-->admin
 2023-05-19 19:09:53,380 : 20 : Entering password-->admin
 2023-05-19 19:09:53,380 : 20 : Entering password-->admin
 2023-05-19 19:09:53,747 : 20 : Click on Save Button
 2023-05-19 19:09:53,747 : 20 : Click on Save Button
 2023-05-19 19:09:53,747 : 20 : Click on Save Button
 2023-05-19 19:09:53,747 : 20 : Click on Save Button
 2023-05-19 19:09:53,747 : 20 : Click on Save Button
 2023-05-19 19:09:53,747 : 20 : Click on Save Button
 2023-05-19 19:09:53,775 : 20 : Click on Login Button
 2023-05-19 19:09:53,775 : 20 : Click on Login Button
 2023-05-19 19:09:53,775 : 20 : Click on Login Button
 2023-05-19 19:09:53,775 : 20 : Click on Login Button
 2023-05-19 19:09:53,775 : 20 : Click on Login Button
 2023-05-19 19:09:53,775 : 20 : Click on Login Button
 2023-05-19 19:09:54,073 : 20 : test_AddCustomer_003 is Passed
 2023-05-19 19:09:54,073 : 20 : test_AddCustomer_003 is Passed
 2023-05-19 19:09:54,073 : 20 : test_AddCustomer_003 is Passed
 2023-05-19 19:09:54,073 : 20 : test_AddCustomer_003 is Passed
 2023-05-19 19:09:54,073 : 20 : test_AddCustomer_003 is Passed
 2023-05-19 19:09:54,073 : 20 : test_AddCustomer_003 is Passed
 2023-05-19 19:09:54,073 : 20 : test_AddCustomer_003 is Completed
 2023-05-19 19:09:54,073 : 20 : test_AddCustomer_003 is Completed
 2023-05-19 19:09:54,073 : 20 : test_AddCustomer_003 is Completed
 2023-05-19 19:09:54,073 : 20 : test_AddCustomer_003 is Completed
 2023-05-19 19:09:54,073 : 20 : test_AddCustomer_003 is Completed
 2023-05-19 19:09:54,073 : 20 : test_AddCustomer_003 is Completed
 2023-05-19 19:09:54,089 : 20 : Applicable driver not found; attempting to install with Selenium Manager (Beta)
 2023-05-19 19:09:54,089 : 20 : Applicable driver not found; attempting to install with Selenium Manager (Beta)
 2023-05-19 19:09:54,089 : 20 : Applicable driver not found; attempting to install with Selenium Manager (Beta)
 2023-05-19 19:09:54,089 : 20 : Applicable driver not found; attempting to install with Selenium Manager (Beta)
 2023-05-19 19:09:54,089 : 20 : Applicable driver not found; attempting to install with Selenium Manager (Beta)
 2023-05-19 19:09:54,089 : 20 : Applicable driver not found; attempting to install with Selenium Manager (Beta)
 2023-05-19 19:09:55,672 : 20 : test_Login_002 is Started
 2023-05-19 19:09:55,672 : 20 : test_Login_002 is Started
 2023-05-19 19:09:55,672 : 20 : test_Login_002 is Started
 2023-05-19 19:09:55,672 : 20 : test_Login_002 is Started
 2023-05-19 19:09:55,672 : 20 : test_Login_002 is Started
 2023-05-19 19:09:55,672 : 20 : test_Login_002 is Started
 2023-05-19 19:09:56,805 : 20 : Click on Login Button
 2023-05-19 19:09:56,805 : 20 : Click on Login Button
 2023-05-19 19:09:56,805 : 20 : Click on Login Button
 2023-05-19 19:09:56,805 : 20 : Click on Login Button
 2023-05-19 19:09:56,805 : 20 : Click on Login Button
 2023-05-19 19:09:56,805 : 20 : Click on Login Button
 2023-05-19 19:09:56,927 : 20 : test_Login_002 is Passed
 2023-05-19 19:09:56,927 : 20 : test_Login_002 is Passed
 2023-05-19 19:09:56,927 : 20 : test_Login_002 is Passed
 2023-05-19 19:09:56,927 : 20 : test_Login_002 is Passed
 2023-05-19 19:09:56,927 : 20 : test_Login_002 is Passed
 2023-05-19 19:09:56,927 : 20 : test_Login_002 is Passed
 2023-05-19 19:09:58,827 : 20 : Click on Customers
 2023-05-19 19:09:58,827 : 20 : Click on Customers
 2023-05-19 19:09:58,827 : 20 : Click on Customers
 2023-05-19 19:09:58,827 : 20 : Click on Customers
 2023-05-19 19:09:58,827 : 20 : Click on Customers
 2023-05-19 19:09:58,827 : 20 : Click on Customers
 2023-05-19 19:10:00,231 : 20 : Launching Browser
 2023-05-19 19:10:00,231 : 20 : Launching Browser
 2023-05-19 19:10:00,231 : 20 : Launching Browser
 2023-05-19 19:10:00,231 : 20 : Launching Browser
 2023-05-19 19:10:00,231 : 20 : Launching Browser
 2023-05-19 19:10:00,231 : 20 : Launching Browser
 2023-05-19 19:10:00,355 : 20 : Click on Logout Button
 2023-05-19 19:10:00,355 : 20 : Click on Logout Button
 2023-05-19 19:10:00,355 : 20 : Click on Logout Button
 2023-05-19 19:10:00,355 : 20 : Click on Logout Button
 2023-05-19 19:10:00,355 : 20 : Click on Logout Button
 2023-05-19 19:10:00,355 : 20 : Click on Logout Button
 2023-05-19 19:10:00,355 : 20 : test_Login_Param_005 is Completed
 2023-05-19 19:10:00,355 : 20 : test_Login_Param_005 is Completed
 2023-05-19 19:10:00,355 : 20 : test_Login_Param_005 is Completed
 2023-05-19 19:10:00,355 : 20 : test_Login_Param_005 is Completed
 2023-05-19 19:10:00,355 : 20 : test_Login_Param_005 is Completed
 2023-05-19 19:10:00,355 : 20 : test_Login_Param_005 is Completed
 2023-05-19 19:10:05,370 : 20 : Entering Email-->admin@yourstore.com
 2023-05-19 19:10:05,370 : 20 : Entering Email-->admin@yourstore.com
 2023-05-19 19:10:05,370 : 20 : Entering Email-->admin@yourstore.com
 2023-05-19 19:10:05,370 : 20 : Entering Email-->admin@yourstore.com
 2023-05-19 19:10:05,370 : 20 : Entering Email-->admin@yourstore.com
 2023-05-19 19:10:05,370 : 20 : Entering Email-->admin@yourstore.com
 2023-05-19 19:10:05,444 : 20 : Entering password-->admin
 2023-05-19 19:10:05,444 : 20 : Entering password-->admin
 2023-05-19 19:10:05,444 : 20 : Entering password-->admin
 2023-05-19 19:10:05,444 : 20 : Entering password-->admin
 2023-05-19 19:10:05,444 : 20 : Entering password-->admin
 2023-05-19 19:10:05,444 : 20 : Entering password-->admin
 2023-05-19 19:10:06,752 : 20 : Click on Add Customers
 2023-05-19 19:10:06,752 : 20 : Click on Add Customers
 2023-05-19 19:10:06,752 : 20 : Click on Add Customers
 2023-05-19 19:10:06,752 : 20 : Click on Add Customers
 2023-05-19 19:10:06,752 : 20 : Click on Add Customers
 2023-05-19 19:10:06,752 : 20 : Click on Add Customers
 2023-05-19 19:10:06,818 : 20 : Entering First Name
 2023-05-19 19:10:06,818 : 20 : Entering First Name
 2023-05-19 19:10:06,818 : 20 : Entering First Name
 2023-05-19 19:10:06,818 : 20 : Entering First Name
 2023-05-19 19:10:06,818 : 20 : Entering First Name
 2023-05-19 19:10:06,818 : 20 : Entering First Name
 2023-05-19 19:10:06,866 : 20 : Entering Last Name
 2023-05-19 19:10:06,866 : 20 : Entering Last Name
 2023-05-19 19:10:06,866 : 20 : Entering Last Name
 2023-05-19 19:10:06,866 : 20 : Entering Last Name
 2023-05-19 19:10:06,866 : 20 : Entering Last Name
 2023-05-19 19:10:06,866 : 20 : Entering Last Name
 2023-05-19 19:10:08,920 : 20 : Click on Search Button
 2023-05-19 19:10:08,920 : 20 : Click on Search Button
 2023-05-19 19:10:08,920 : 20 : Click on Search Button
 2023-05-19 19:10:08,920 : 20 : Click on Search Button
 2023-05-19 19:10:08,920 : 20 : Click on Search Button
 2023-05-19 19:10:08,920 : 20 : Click on Search Button
 2023-05-19 19:10:10,666 : 20 : Click on Login Button
 2023-05-19 19:10:10,666 : 20 : Click on Login Button
 2023-05-19 19:10:10,666 : 20 : Click on Login Button
 2023-05-19 19:10:10,666 : 20 : Click on Login Button
 2023-05-19 19:10:10,666 : 20 : Click on Login Button
 2023-05-19 19:10:10,666 : 20 : Click on Login Button
 2023-05-19 19:10:10,730 : 20 : test_Login_002 is Passed
 2023-05-19 19:10:10,730 : 20 : test_Login_002 is Passed
 2023-05-19 19:10:10,730 : 20 : test_Login_002 is Passed
 2023-05-19 19:10:10,730 : 20 : test_Login_002 is Passed
 2023-05-19 19:10:10,730 : 20 : test_Login_002 is Passed
 2023-05-19 19:10:10,730 : 20 : test_Login_002 is Passed
 2023-05-19 19:10:14,642 : 20 : Click on Logout Button
 2023-05-19 19:10:14,642 : 20 : Click on Logout Button
 2023-05-19 19:10:14,642 : 20 : Click on Logout Button
 2023-05-19 19:10:14,642 : 20 : Click on Logout Button
 2023-05-19 19:10:14,642 : 20 : Click on Logout Button
 2023-05-19 19:10:14,642 : 20 : Click on Logout Button
 2023-05-19 19:10:14,642 : 20 : test_Login_002 is Completed
 2023-05-19 19:10:14,642 : 20 : test_Login_002 is Completed
 2023-05-19 19:10:14,642 : 20 : test_Login_002 is Completed
 2023-05-19 19:10:14,642 : 20 : test_Login_002 is Completed
 2023-05-19 19:10:14,642 : 20 : test_Login_002 is Completed
 2023-05-19 19:10:14,642 : 20 : test_Login_002 is Completed
 2023-05-19 19:10:19,675 : 20 : test_SearchCustomer_004 is Passed
 2023-05-19 19:10:19,675 : 20 : test_SearchCustomer_004 is Passed
 2023-05-19 19:10:19,675 : 20 : test_SearchCustomer_004 is Passed
 2023-05-19 19:10:19,675 : 20 : test_SearchCustomer_004 is Passed
 2023-05-19 19:10:19,675 : 20 : test_SearchCustomer_004 is Passed
 2023-05-19 19:10:19,675 : 20 : test_SearchCustomer_004 is Passed
 2023-05-19 19:10:19,675 : 20 : test_SearchCustomer_004 is Completed
 2023-05-19 19:10:19,675 : 20 : test_SearchCustomer_004 is Completed
 2023-05-19 19:10:19,675 : 20 : test_SearchCustomer_004 is Completed
 2023-05-19 19:10:19,675 : 20 : test_SearchCustomer_004 is Completed
 2023-05-19 19:10:19,675 : 20 : test_SearchCustomer_004 is Completed
 2023-05-19 19:10:19,675 : 20 : test_SearchCustomer_004 is Completed
